0 info it worked if it ends with ok
1 verbose cli [ '/usr/bin/node',
1 verbose cli   '/usr/bin/npm',
1 verbose cli   'install',
1 verbose cli   '-g',
1 verbose cli   'underscorejs',
1 verbose cli   'mkdirp' ]
2 info using npm@1.4.3
3 info using node@v0.10.26
4 verbose cache add [ 'underscorejs', null ]
5 verbose cache add name=undefined spec="underscorejs" args=["underscorejs",null]
6 verbose parsed url { protocol: null,
6 verbose parsed url   slashes: null,
6 verbose parsed url   auth: null,
6 verbose parsed url   host: null,
6 verbose parsed url   port: null,
6 verbose parsed url   hostname: null,
6 verbose parsed url   hash: null,
6 verbose parsed url   search: null,
6 verbose parsed url   query: null,
6 verbose parsed url   pathname: 'underscorejs',
6 verbose parsed url   path: 'underscorejs',
6 verbose parsed url   href: 'underscorejs' }
7 verbose cache add [ 'mkdirp', null ]
8 verbose cache add name=undefined spec="mkdirp" args=["mkdirp",null]
9 verbose parsed url { protocol: null,
9 verbose parsed url   slashes: null,
9 verbose parsed url   auth: null,
9 verbose parsed url   host: null,
9 verbose parsed url   port: null,
9 verbose parsed url   hostname: null,
9 verbose parsed url   hash: null,
9 verbose parsed url   search: null,
9 verbose parsed url   query: null,
9 verbose parsed url   pathname: 'mkdirp',
9 verbose parsed url   path: 'mkdirp',
9 verbose parsed url   href: 'mkdirp' }
10 silly lockFile 77814e2b-underscorejs underscorejs
11 verbose lock underscorejs /root/.npm/77814e2b-underscorejs.lock
12 silly lockFile 434b7f48-mkdirp mkdirp
13 verbose lock mkdirp /root/.npm/434b7f48-mkdirp.lock
14 silly lockFile 77814e2b-underscorejs underscorejs
15 silly lockFile 77814e2b-underscorejs underscorejs
16 verbose addNamed [ 'underscorejs', '' ]
17 verbose addNamed [ null, '*' ]
18 silly lockFile 3b39d02b-underscorejs underscorejs@
19 verbose lock underscorejs@ /root/.npm/3b39d02b-underscorejs.lock
20 silly lockFile 434b7f48-mkdirp mkdirp
21 silly lockFile 434b7f48-mkdirp mkdirp
22 verbose addNamed [ 'mkdirp', '' ]
23 verbose addNamed [ null, '*' ]
24 silly lockFile 8a08a247-mkdirp mkdirp@
25 verbose lock mkdirp@ /root/.npm/8a08a247-mkdirp.lock
26 silly addNameRange { name: 'underscorejs', range: '*', hasData: false }
27 silly addNameRange { name: 'mkdirp', range: '*', hasData: false }
28 silly lockFile 3b39d02b-underscorejs underscorejs@
29 silly lockFile 3b39d02b-underscorejs underscorejs@
30 error 404 'underscorejs' is not in the npm registry.
30 error 404 You should bug the author to publish it
30 error 404
30 error 404 Note that you can also install from a
30 error 404 tarball, folder, or http url, or git url.
31 error System Linux 3.13.4-1-ARCH
32 error command "/usr/bin/node" "/usr/bin/npm" "install" "-g" "underscorejs" "mkdirp"
33 error cwd /srv/http/Yaex
34 error node -v v0.10.26
35 error npm -v 1.4.3
36 error code E404
37 verbose exit [ 1, true ]
